Grid set Start...
Grid set Start...
Grid set Start...
Grid set...
mbr array constructed
Grid set...
mbr array constructed
Grid set...
mbr array constructed
Pre-process done
3813060 3853060 2779460 2819460 2557460 2597460 2498770 2538770 3086050 3126050 
4565230 4605230 2760490 2800490 3680360 3720360 2653570 2693570 2331310 2371310 
Pre-process done
3347239 3387239 3409939 3449939 2491860 2531860 2978730 3018730 3389989 3429989 
3202050 3242050 3123340 3163340 3148040 3188040 1845960 1885960 3037300 3077300 
3813060 3853060 2779460 2819460 2557460 2597460 2498770 2538770 3086050 3126050 
4565230 4605230 2760490 2800490 3680360 3720360 2653570 2693570 2331310 2371310 
3347239 3387239 3409939 3449939 2491860 2531860 2978730 3018730 3389989 3429989 
3202050 3242050 3123340 3163340 3148040 3188040 1845960 1885960 3037300 3077300 
b size 7378
o size 3899
b size 7378
o size 3899
Pre-process done
3813060 3853060 2779460 2819460 2557460 2597460 2498770 2538770 3086050 3126050 
4565230 4605230 2760490 2800490 3680360 3720360 2653570 2693570 2331310 2371310 
3347239 3387239 3409939 3449939 2491860 2531860 2978730 3018730 3389989 3429989 
3202050 3242050 3123340 3163340 3148040 3188040 1845960 1885960 3037300 3077300 
b size 7378
o size 3899

Free: 15868887040  , Total: 16945512448

Free: 15866789888  , Total: 16945512448

Free: 15864692736  , Total: 16945512448


GPU running time for transfering data to GPU: 3.422208 (3.422208)


GPU running time for transfering data to GPU: 3.547136 (3.547136)


GPU running time for transfering data to GPU: 3.355648 (3.355648)

	Sorting 1D: 5.757952 

	Counting MBR intersection : 0.716256 

	Sorting 1D: 7.689216 

	Sorting 1D: 69.330940 

	Counting MBR intersection : 0.526048 

	Counting MBR intersection : 0.526816 
